<?xml version="1.0" encoding="UTF-8"?>
<testsuite xmlns:xsi="http://www.w3.org/2001/XMLSchema-instance" xsi:noNamespaceSchemaLocation="https://maven.apache.org/surefire/maven-surefire-plugin/xsd/surefire-test-report-3.0.xsd" version="3.0" name="TestSuite" time="72.44" tests="3" errors="0" skipped="0" failures="0">
  <properties>
    <property name="java.specification.version" value="18"/>
    <property name="sun.jnu.encoding" value="UTF-8"/>
    <property name="java.class.path" value="/Users/andriimelnyk/Desktop/AutoDoc/target/test-classes:/Users/andriimelnyk/Desktop/AutoDoc/target/classes:/Users/andriimelnyk/.m2/repository/io/appium/java-client/6.0.0-BETA4/java-client-6.0.0-BETA4.jar:/Users/andriimelnyk/.m2/repository/org/seleniumhq/selenium/selenium-support/3.9.1/selenium-support-3.9.1.jar:/Users/andriimelnyk/.m2/repository/org/seleniumhq/selenium/selenium-api/3.9.1/selenium-api-3.9.1.jar:/Users/andriimelnyk/.m2/repository/com/google/code/gson/gson/2.8.2/gson-2.8.2.jar:/Users/andriimelnyk/.m2/repository/org/apache/httpcomponents/httpclient/4.5.5/httpclient-4.5.5.jar:/Users/andriimelnyk/.m2/repository/cglib/cglib/3.2.6/cglib-3.2.6.jar:/Users/andriimelnyk/.m2/repository/org/ow2/asm/asm/6.0/asm-6.0.jar:/Users/andriimelnyk/.m2/repository/org/apache/ant/ant/1.9.6/ant-1.9.6.jar:/Users/andriimelnyk/.m2/repository/org/apache/ant/ant-launcher/1.9.6/ant-launcher-1.9.6.jar:/Users/andriimelnyk/.m2/repository/commons-validator/commons-validator/1.6/commons-validator-1.6.jar:/Users/andriimelnyk/.m2/repository/commons-beanutils/commons-beanutils/1.9.2/commons-beanutils-1.9.2.jar:/Users/andriimelnyk/.m2/repository/commons-digester/commons-digester/1.8.1/commons-digester-1.8.1.jar:/Users/andriimelnyk/.m2/repository/commons-collections/commons-collections/3.2.2/commons-collections-3.2.2.jar:/Users/andriimelnyk/.m2/repository/org/apache/commons/commons-lang3/3.7/commons-lang3-3.7.jar:/Users/andriimelnyk/.m2/repository/commons-io/commons-io/2.6/commons-io-2.6.jar:/Users/andriimelnyk/.m2/repository/org/springframework/spring-context/5.0.3.RELEASE/spring-context-5.0.3.RELEASE.jar:/Users/andriimelnyk/.m2/repository/org/springframework/spring-aop/5.0.3.RELEASE/spring-aop-5.0.3.RELEASE.jar:/Users/andriimelnyk/.m2/repository/org/springframework/spring-beans/5.0.3.RELEASE/spring-beans-5.0.3.RELEASE.jar:/Users/andriimelnyk/.m2/repository/org/springframework/spring-core/5.0.3.RELEASE/spring-core-5.0.3.RELEASE.jar:/Users/andriimelnyk/.m2/repository/org/springframework/spring-jcl/5.0.3.RELEASE/spring-jcl-5.0.3.RELEASE.jar:/Users/andriimelnyk/.m2/repository/org/springframework/spring-expression/5.0.3.RELEASE/spring-expression-5.0.3.RELEASE.jar:/Users/andriimelnyk/.m2/repository/org/aspectj/aspectjweaver/1.8.13/aspectjweaver-1.8.13.jar:/Users/andriimelnyk/.m2/repository/org/openpnp/opencv/3.2.0-1/opencv-3.2.0-1.jar:/Users/andriimelnyk/.m2/repository/org/seleniumhq/selenium/selenium-java/3.9.1/selenium-java-3.9.1.jar:/Users/andriimelnyk/.m2/repository/org/seleniumhq/selenium/selenium-chrome-driver/3.9.1/selenium-chrome-driver-3.9.1.jar:/Users/andriimelnyk/.m2/repository/org/seleniumhq/selenium/selenium-edge-driver/3.9.1/selenium-edge-driver-3.9.1.jar:/Users/andriimelnyk/.m2/repository/org/seleniumhq/selenium/selenium-firefox-driver/3.9.1/selenium-firefox-driver-3.9.1.jar:/Users/andriimelnyk/.m2/repository/org/seleniumhq/selenium/selenium-ie-driver/3.9.1/selenium-ie-driver-3.9.1.jar:/Users/andriimelnyk/.m2/repository/org/seleniumhq/selenium/selenium-opera-driver/3.9.1/selenium-opera-driver-3.9.1.jar:/Users/andriimelnyk/.m2/repository/org/seleniumhq/selenium/selenium-remote-driver/3.9.1/selenium-remote-driver-3.9.1.jar:/Users/andriimelnyk/.m2/repository/org/seleniumhq/selenium/selenium-safari-driver/3.9.1/selenium-safari-driver-3.9.1.jar:/Users/andriimelnyk/.m2/repository/net/bytebuddy/byte-buddy/1.7.9/byte-buddy-1.7.9.jar:/Users/andriimelnyk/.m2/repository/org/apache/commons/commons-exec/1.3/commons-exec-1.3.jar:/Users/andriimelnyk/.m2/repository/commons-codec/commons-codec/1.10/commons-codec-1.10.jar:/Users/andriimelnyk/.m2/repository/commons-logging/commons-logging/1.2/commons-logging-1.2.jar:/Users/andriimelnyk/.m2/repository/com/google/guava/guava/23.6-jre/guava-23.6-jre.jar:/Users/andriimelnyk/.m2/repository/org/checkerframework/checker-compat-qual/2.0.0/checker-compat-qual-2.0.0.jar:/Users/andriimelnyk/.m2/repository/com/google/errorprone/error_prone_annotations/2.1.3/error_prone_annotations-2.1.3.jar:/Users/andriimelnyk/.m2/repository/com/google/j2objc/j2objc-annotations/1.1/j2objc-annotations-1.1.jar:/Users/andriimelnyk/.m2/repository/org/codehaus/mojo/animal-sniffer-annotations/1.14/animal-sniffer-annotations-1.14.jar:/Users/andriimelnyk/.m2/repository/org/apache/httpcomponents/httpcore/4.4.6/httpcore-4.4.6.jar:/Users/andriimelnyk/.m2/repository/com/squareup/okhttp3/okhttp/3.9.1/okhttp-3.9.1.jar:/Users/andriimelnyk/.m2/repository/com/squareup/okio/okio/1.13.0/okio-1.13.0.jar:/Users/andriimelnyk/.m2/repository/org/testng/testng/7.5/testng-7.5.jar:/Users/andriimelnyk/.m2/repository/com/google/code/findbugs/jsr305/3.0.1/jsr305-3.0.1.jar:/Users/andriimelnyk/.m2/repository/org/slf4j/slf4j-api/1.7.32/slf4j-api-1.7.32.jar:/Users/andriimelnyk/.m2/repository/com/beust/jcommander/1.78/jcommander-1.78.jar:/Users/andriimelnyk/.m2/repository/org/webjars/jquery/3.5.1/jquery-3.5.1.jar:/Users/andriimelnyk/.m2/repository/junit/junit/4.12/junit-4.12.jar:/Users/andriimelnyk/.m2/repository/org/hamcrest/hamcrest-core/1.3/hamcrest-core-1.3.jar:"/>
    <property name="java.vm.vendor" value="Homebrew"/>
    <property name="sun.arch.data.model" value="64"/>
    <property name="java.vendor.url" value="https://github.com/Homebrew/homebrew-core/issues"/>
    <property name="user.timezone" value="Europe/Kiev"/>
    <property name="os.name" value="Mac OS X"/>
    <property name="java.vm.specification.version" value="18"/>
    <property name="sun.java.launcher" value="SUN_STANDARD"/>
    <property name="user.country" value="UA"/>
    <property name="sun.boot.library.path" value="/usr/local/Cellar/openjdk/18.0.1.1/libexec/openjdk.jdk/Contents/Home/lib"/>
    <property name="sun.java.command" value="/Users/andriimelnyk/Desktop/AutoDoc/target/surefire/surefirebooter-20220615184044386_3.jar /Users/andriimelnyk/Desktop/AutoDoc/target/surefire 2022-06-15T18-40-44_143-jvmRun1 surefire-20220615184044386_1tmp surefire_0-20220615184044386_2tmp"/>
    <property name="http.nonProxyHosts" value="local|*.local|169.254/16|*.169.254/16"/>
    <property name="jdk.debug" value="release"/>
    <property name="surefire.test.class.path" value="/Users/andriimelnyk/Desktop/AutoDoc/target/test-classes:/Users/andriimelnyk/Desktop/AutoDoc/target/classes:/Users/andriimelnyk/.m2/repository/io/appium/java-client/6.0.0-BETA4/java-client-6.0.0-BETA4.jar:/Users/andriimelnyk/.m2/repository/org/seleniumhq/selenium/selenium-support/3.9.1/selenium-support-3.9.1.jar:/Users/andriimelnyk/.m2/repository/org/seleniumhq/selenium/selenium-api/3.9.1/selenium-api-3.9.1.jar:/Users/andriimelnyk/.m2/repository/com/google/code/gson/gson/2.8.2/gson-2.8.2.jar:/Users/andriimelnyk/.m2/repository/org/apache/httpcomponents/httpclient/4.5.5/httpclient-4.5.5.jar:/Users/andriimelnyk/.m2/repository/cglib/cglib/3.2.6/cglib-3.2.6.jar:/Users/andriimelnyk/.m2/repository/org/ow2/asm/asm/6.0/asm-6.0.jar:/Users/andriimelnyk/.m2/repository/org/apache/ant/ant/1.9.6/ant-1.9.6.jar:/Users/andriimelnyk/.m2/repository/org/apache/ant/ant-launcher/1.9.6/ant-launcher-1.9.6.jar:/Users/andriimelnyk/.m2/repository/commons-validator/commons-validator/1.6/commons-validator-1.6.jar:/Users/andriimelnyk/.m2/repository/commons-beanutils/commons-beanutils/1.9.2/commons-beanutils-1.9.2.jar:/Users/andriimelnyk/.m2/repository/commons-digester/commons-digester/1.8.1/commons-digester-1.8.1.jar:/Users/andriimelnyk/.m2/repository/commons-collections/commons-collections/3.2.2/commons-collections-3.2.2.jar:/Users/andriimelnyk/.m2/repository/org/apache/commons/commons-lang3/3.7/commons-lang3-3.7.jar:/Users/andriimelnyk/.m2/repository/commons-io/commons-io/2.6/commons-io-2.6.jar:/Users/andriimelnyk/.m2/repository/org/springframework/spring-context/5.0.3.RELEASE/spring-context-5.0.3.RELEASE.jar:/Users/andriimelnyk/.m2/repository/org/springframework/spring-aop/5.0.3.RELEASE/spring-aop-5.0.3.RELEASE.jar:/Users/andriimelnyk/.m2/repository/org/springframework/spring-beans/5.0.3.RELEASE/spring-beans-5.0.3.RELEASE.jar:/Users/andriimelnyk/.m2/repository/org/springframework/spring-core/5.0.3.RELEASE/spring-core-5.0.3.RELEASE.jar:/Users/andriimelnyk/.m2/repository/org/springframework/spring-jcl/5.0.3.RELEASE/spring-jcl-5.0.3.RELEASE.jar:/Users/andriimelnyk/.m2/repository/org/springframework/spring-expression/5.0.3.RELEASE/spring-expression-5.0.3.RELEASE.jar:/Users/andriimelnyk/.m2/repository/org/aspectj/aspectjweaver/1.8.13/aspectjweaver-1.8.13.jar:/Users/andriimelnyk/.m2/repository/org/openpnp/opencv/3.2.0-1/opencv-3.2.0-1.jar:/Users/andriimelnyk/.m2/repository/org/seleniumhq/selenium/selenium-java/3.9.1/selenium-java-3.9.1.jar:/Users/andriimelnyk/.m2/repository/org/seleniumhq/selenium/selenium-chrome-driver/3.9.1/selenium-chrome-driver-3.9.1.jar:/Users/andriimelnyk/.m2/repository/org/seleniumhq/selenium/selenium-edge-driver/3.9.1/selenium-edge-driver-3.9.1.jar:/Users/andriimelnyk/.m2/repository/org/seleniumhq/selenium/selenium-firefox-driver/3.9.1/selenium-firefox-driver-3.9.1.jar:/Users/andriimelnyk/.m2/repository/org/seleniumhq/selenium/selenium-ie-driver/3.9.1/selenium-ie-driver-3.9.1.jar:/Users/andriimelnyk/.m2/repository/org/seleniumhq/selenium/selenium-opera-driver/3.9.1/selenium-opera-driver-3.9.1.jar:/Users/andriimelnyk/.m2/repository/org/seleniumhq/selenium/selenium-remote-driver/3.9.1/selenium-remote-driver-3.9.1.jar:/Users/andriimelnyk/.m2/repository/org/seleniumhq/selenium/selenium-safari-driver/3.9.1/selenium-safari-driver-3.9.1.jar:/Users/andriimelnyk/.m2/repository/net/bytebuddy/byte-buddy/1.7.9/byte-buddy-1.7.9.jar:/Users/andriimelnyk/.m2/repository/org/apache/commons/commons-exec/1.3/commons-exec-1.3.jar:/Users/andriimelnyk/.m2/repository/commons-codec/commons-codec/1.10/commons-codec-1.10.jar:/Users/andriimelnyk/.m2/repository/commons-logging/commons-logging/1.2/commons-logging-1.2.jar:/Users/andriimelnyk/.m2/repository/com/google/guava/guava/23.6-jre/guava-23.6-jre.jar:/Users/andriimelnyk/.m2/repository/org/checkerframework/checker-compat-qual/2.0.0/checker-compat-qual-2.0.0.jar:/Users/andriimelnyk/.m2/repository/com/google/errorprone/error_prone_annotations/2.1.3/error_prone_annotations-2.1.3.jar:/Users/andriimelnyk/.m2/repository/com/google/j2objc/j2objc-annotations/1.1/j2objc-annotations-1.1.jar:/Users/andriimelnyk/.m2/repository/org/codehaus/mojo/animal-sniffer-annotations/1.14/animal-sniffer-annotations-1.14.jar:/Users/andriimelnyk/.m2/repository/org/apache/httpcomponents/httpcore/4.4.6/httpcore-4.4.6.jar:/Users/andriimelnyk/.m2/repository/com/squareup/okhttp3/okhttp/3.9.1/okhttp-3.9.1.jar:/Users/andriimelnyk/.m2/repository/com/squareup/okio/okio/1.13.0/okio-1.13.0.jar:/Users/andriimelnyk/.m2/repository/org/testng/testng/7.5/testng-7.5.jar:/Users/andriimelnyk/.m2/repository/com/google/code/findbugs/jsr305/3.0.1/jsr305-3.0.1.jar:/Users/andriimelnyk/.m2/repository/org/slf4j/slf4j-api/1.7.32/slf4j-api-1.7.32.jar:/Users/andriimelnyk/.m2/repository/com/beust/jcommander/1.78/jcommander-1.78.jar:/Users/andriimelnyk/.m2/repository/org/webjars/jquery/3.5.1/jquery-3.5.1.jar:/Users/andriimelnyk/.m2/repository/junit/junit/4.12/junit-4.12.jar:/Users/andriimelnyk/.m2/repository/org/hamcrest/hamcrest-core/1.3/hamcrest-core-1.3.jar:"/>
    <property name="sun.cpu.endian" value="little"/>
    <property name="user.home" value="/Users/andriimelnyk"/>
    <property name="user.language" value="en"/>
    <property name="java.specification.vendor" value="Oracle Corporation"/>
    <property name="java.version.date" value="2022-04-22"/>
    <property name="java.home" value="/usr/local/Cellar/openjdk/18.0.1.1/libexec/openjdk.jdk/Contents/Home"/>
    <property name="file.separator" value="/"/>
    <property name="basedir" value="/Users/andriimelnyk/Desktop/AutoDoc"/>
    <property name="java.vm.compressedOopsMode" value="Zero based"/>
    <property name="line.separator" value="&#10;"/>
    <property name="java.vm.specification.vendor" value="Oracle Corporation"/>
    <property name="java.specification.name" value="Java Platform API Specification"/>
    <property name="apple.awt.application.name" value="ForkedBooter"/>
    <property name="surefire.real.class.path" value="/Users/andriimelnyk/Desktop/AutoDoc/target/surefire/surefirebooter-20220615184044386_3.jar"/>
    <property name="sun.management.compiler" value="HotSpot 64-Bit Tiered Compilers"/>
    <property name="ftp.nonProxyHosts" value="local|*.local|169.254/16|*.169.254/16"/>
    <property name="java.runtime.version" value="18.0.1.1+0"/>
    <property name="user.name" value="andriimelnyk"/>
    <property name="path.separator" value=":"/>
    <property name="os.version" value="11.6.5"/>
    <property name="java.runtime.name" value="OpenJDK Runtime Environment"/>
    <property name="file.encoding" value="UTF-8"/>
    <property name="java.vm.name" value="OpenJDK 64-Bit Server VM"/>
    <property name="java.vendor.version" value="Homebrew"/>
    <property name="localRepository" value="/Users/andriimelnyk/.m2/repository"/>
    <property name="java.vendor.url.bug" value="https://github.com/Homebrew/homebrew-core/issues"/>
    <property name="java.io.tmpdir" value="/var/folders/v1/vw_t6r116gd03ppk8ymdc3nm0000gn/T/"/>
    <property name="java.version" value="18.0.1.1"/>
    <property name="user.dir" value="/Users/andriimelnyk/Desktop/AutoDoc"/>
    <property name="os.arch" value="x86_64"/>
    <property name="java.vm.specification.name" value="Java Virtual Machine Specification"/>
    <property name="native.encoding" value="UTF-8"/>
    <property name="java.library.path" value="/Users/andriimelnyk/Library/Java/Extensions:/Library/Java/Extensions:/Network/Library/Java/Extensions:/System/Library/Java/Extensions:/usr/lib/java:."/>
    <property name="java.vm.info" value="mixed mode, sharing"/>
    <property name="java.vendor" value="Homebrew"/>
    <property name="java.vm.version" value="18.0.1.1+0"/>
    <property name="sun.io.unicode.encoding" value="UnicodeBig"/>
    <property name="socksNonProxyHosts" value="local|*.local|169.254/16|*.169.254/16"/>
    <property name="java.class.version" value="62.0"/>
  </properties>
  <testcase name="createCar" classname="Tests.AutoDocTest" time="18.114">
    <system-err><![CDATA[SLF4J: Failed to load class "org.slf4j.impl.StaticLoggerBinder".
SLF4J: Defaulting to no-operation (NOP) logger implementation
SLF4J: See http://www.slf4j.org/codes.html#StaticLoggerBinder for further details.
Jun 15, 2022 6:40:58 PM org.openqa.selenium.remote.ProtocolHandshake createSession
INFO: Detected dialect: W3C
]]></system-err>
  </testcase>
  <testcase name="editCar" classname="Tests.AutoDocTest" time="26.258"/>
  <testcase name="deleteCar" classname="Tests.AutoDocTest" time="10.498"/>
</testsuite>