<?xml version="1.0" encoding="UTF-8"?>
<!-- Generated by org.testng.reporters.JUnitReportReporter -->
<testsuite hostname="Andriis-MacBook-Pro.local" failures="0" tests="3" name="Tests.AutoDocTest" time="54.868" errors="0" timestamp="2022-06-15T18:41:57 EEST" skipped="0">
  <testcase classname="Tests.AutoDocTest" name="createCar" time="18.113"/>
  <system-out/>
  <testcase classname="Tests.AutoDocTest" name="editCar" time="26.258"/>
  <system-out/>
  <testcase classname="Tests.AutoDocTest" name="deleteCar" time="10.497"/>
  <system-out/>
</testsuite> <!-- Tests.AutoDocTest -->
